# JRE version: OpenJDK Runtime Environment Microsoft-8035246 (17.0.8+7) (build 17.0.8+7-LTS)
# Java VM: OpenJDK 64-Bit Server VM Microsoft-8035246 (17.0.8+7-LTS, mixed mode, sharing, tiered, compressed oops, compressed class ptrs, g1 gc, windows-amd64)
GC Precious Log:
 CPUs: 8 total, 8 available
 Memory: 8094M
 Large Page Support: Disabled
 NUMA Support: Disabled
 Compressed Oops: Enabled (32-bit)
 Heap Region Size: 1M
 Heap Min Capacity: 8M
 Heap Initial Capacity: 128M
 Heap Max Capacity: 2G
 Pre-touch: Disabled
 Parallel Workers: 8
 Concurrent Workers: 2
 Concurrent Refinement Workers: 8
 Periodic GC: Disabled
Heap:
 garbage-first heap   total 376832K, used 270001K [0x0000000080000000, 0x0000000100000000)
  region size 1024K, 24 young (24576K), 6 survivors (6144K)
 Metaspace       used 118064K, committed 119424K, reserved 557056K
  class space    used 16257K, committed 16896K, reserved 425984K
GC Heap History (20 events):
Event: 96.400 GC heap before
{Heap before GC invocations=61 (full 0):
 garbage-first heap   total 313344K, used 256398K [0x0000000080000000, 0x0000000100000000)
  region size 1024K, 53 young (54272K), 8 survivors (8192K)
 Metaspace       used 109917K, committed 111168K, reserved 557056K
  class space    used 15359K, committed 16000K, reserved 425984K
}
Event: 96.419 GC heap after
{Heap after GC invocations=62 (full 0):
 garbage-first heap   total 313344K, used 218283K [0x0000000080000000, 0x0000000100000000)
  region size 1024K, 7 young (7168K), 7 survivors (7168K)
 Metaspace       used 109917K, committed 111168K, reserved 557056K
  class space    used 15359K, committed 16000K, reserved 425984K
}
Event: 97.163 GC heap before
{Heap before GC invocations=62 (full 0):
 garbage-first heap   total 313344K, used 259243K [0x0000000080000000, 0x0000000100000000)
  region size 1024K, 47 young (48128K), 7 survivors (7168K)
 Metaspace       used 114042K, committed 115264K, reserved 557056K
  class space    used 15929K, committed 16512K, reserved 425984K
}
Event: 97.172 GC heap after
{Heap after GC invocations=63 (full 0):
 garbage-first heap   total 313344K, used 221059K [0x0000000080000000, 0x0000000100000000)
  region size 1024K, 3 young (3072K), 3 survivors (3072K)
 Metaspace       used 114042K, committed 115264K, reserved 557056K
  class space    used 15929K, committed 16512K, reserved 425984K
}
Event: 97.887 GC heap before
{Heap before GC invocations=63 (full 0):
 garbage-first heap   total 313344K, used 263043K [0x0000000080000000, 0x0000000100000000)
  region size 1024K, 44 young (45056K), 3 survivors (3072K)
 Metaspace       used 115174K, committed 116480K, reserved 557056K
  class space    used 16055K, committed 16640K, reserved 425984K
}
Event: 97.897 GC heap after
{Heap after GC invocations=64 (full 0):
 garbage-first heap   total 313344K, used 228320K [0x0000000080000000, 0x0000000100000000)
  region size 1024K, 6 young (6144K), 6 survivors (6144K)
 Metaspace       used 115174K, committed 116480K, reserved 557056K
  class space    used 16055K, committed 16640K, reserved 425984K
}
Event: 98.244 GC heap before
{Heap before GC invocations=64 (full 0):
 garbage-first heap   total 313344K, used 264160K [0x0000000080000000, 0x0000000100000000)
  region size 1024K, 41 young (41984K), 6 survivors (6144K)
 Metaspace       used 115498K, committed 116736K, reserved 557056K
  class space    used 16072K, committed 16640K, reserved 425984K
}
Event: 98.260 GC heap after
{Heap after GC invocations=65 (full 0):
 garbage-first heap   total 313344K, used 232606K [0x0000000080000000, 0x0000000100000000)
  region size 1024K, 4 young (4096K), 4 survivors (4096K)
 Metaspace       used 115498K, committed 116736K, reserved 557056K
  class space    used 16072K, committed 16640K, reserved 425984K
}
Event: 98.689 GC heap before
{Heap before GC invocations=65 (full 0):
 garbage-first heap   total 313344K, used 266398K [0x0000000080000000, 0x0000000100000000)
  region size 1024K, 37 young (37888K), 4 survivors (4096K)
 Metaspace       used 115618K, committed 116864K, reserved 557056K
  class space    used 16074K, committed 16640K, reserved 425984K
}
Event: 98.699 GC heap after
{Heap after GC invocations=66 (full 0):
 garbage-first heap   total 313344K, used 235510K [0x0000000080000000, 0x0000000100000000)
  region size 1024K, 4 young (4096K), 4 survivors (4096K)
 Metaspace       used 115618K, committed 116864K, reserved 557056K
  class space    used 16074K, committed 16640K, reserved 425984K
}
Event: 99.066 GC heap before
{Heap before GC invocations=66 (full 0):
 garbage-first heap   total 313344K, used 267254K [0x0000000080000000, 0x0000000100000000)
  region size 1024K, 36 young (36864K), 4 survivors (4096K)
 Metaspace       used 116127K, committed 117440K, reserved 557056K
  class space    used 16115K, committed 16704K, reserved 425984K
}
Event: 99.080 GC heap after
{Heap after GC invocations=67 (full 0):
 garbage-first heap   total 313344K, used 240283K [0x0000000080000000, 0x0000000100000000)
  region size 1024K, 5 young (5120K), 5 survivors (5120K)
 Metaspace       used 116127K, committed 117440K, reserved 557056K
  class space    used 16115K, committed 16704K, reserved 425984K
}
Event: 99.571 GC heap before
{Heap before GC invocations=67 (full 0):
 garbage-first heap   total 313344K, used 273051K [0x0000000080000000, 0x0000000100000000)
  region size 1024K, 33 young (33792K), 5 survivors (5120K)
 Metaspace       used 117567K, committed 118784K, reserved 557056K
  class space    used 16203K, committed 16768K, reserved 425984K
}
Event: 99.589 GC heap after
{Heap after GC invocations=68 (full 0):
 garbage-first heap   total 376832K, used 245823K [0x0000000080000000, 0x0000000100000000)
  region size 1024K, 5 young (5120K), 5 survivors (5120K)
 Metaspace       used 117567K, committed 118784K, reserved 557056K
  class space    used 16203K, committed 16768K, reserved 425984K
}
Event: 101.761 GC heap before
{Heap before GC invocations=68 (full 0):
 garbage-first heap   total 376832K, used 310335K [0x0000000080000000, 0x0000000100000000)
  region size 1024K, 69 young (70656K), 5 survivors (5120K)
 Metaspace       used 118059K, committed 119424K, reserved 557056K
  class space    used 16257K, committed 16896K, reserved 425984K
}
Event: 101.767 GC heap after
{Heap after GC invocations=69 (full 0):
 garbage-first heap   total 376832K, used 248476K [0x0000000080000000, 0x0000000100000000)
  region size 1024K, 5 young (5120K), 5 survivors (5120K)
 Metaspace       used 118059K, committed 119424K, reserved 557056K
  class space    used 16257K, committed 16896K, reserved 425984K
}
Event: 101.986 GC heap before
{Heap before GC invocations=69 (full 0):
 garbage-first heap   total 376832K, used 315036K [0x0000000080000000, 0x0000000100000000)
  region size 1024K, 70 young (71680K), 5 survivors (5120K)
 Metaspace       used 118062K, committed 119424K, reserved 557056K
  class space    used 16257K, committed 16896K, reserved 425984K
}
Event: 101.991 GC heap after
{Heap after GC invocations=70 (full 0):
 garbage-first heap   total 376832K, used 249694K [0x0000000080000000, 0x0000000100000000)
  region size 1024K, 6 young (6144K), 6 survivors (6144K)
 Metaspace       used 118062K, committed 119424K, reserved 557056K
  class space    used 16257K, committed 16896K, reserved 425984K
}
Event: 102.356 GC heap before
{Heap before GC invocations=70 (full 0):
 garbage-first heap   total 376832K, used 317278K [0x0000000080000000, 0x0000000100000000)
  region size 1024K, 72 young (73728K), 6 survivors (6144K)
 Metaspace       used 118064K, committed 119424K, reserved 557056K
  class space    used 16257K, committed 16896K, reserved 425984K
}
Event: 102.362 GC heap after
{Heap after GC invocations=71 (full 0):
 garbage-first heap   total 376832K, used 251225K [0x0000000080000000, 0x0000000100000000)
  region size 1024K, 6 young (6144K), 6 survivors (6144K)
 Metaspace       used 118064K, committed 119424K, reserved 557056K
  class space    used 16257K, committed 16896K, reserved 425984K
}

